Log file open, 08/29/25 20:20:12
LogTrace: Initializing trace...
LogTrace: Finished trace initialization.
LogInit: Session CrashGUID >====================================================
         Session CrashGUID >   UECC-Windows-F124A16641D579191EF5B3BDE0D14F8F
         Session CrashGUID >====================================================
LogConfig: No local boot hotfix file found at: [../../../../../FH/5.semester/Game dev/SweetTale/SweetTale/Saved/PersistentDownloadDir/HotfixForNextBoot.txt]
LogPluginManager: Mounting Engine plugin PlatformCrypto
LogInit: ExecutableName: UnrealPak.exe
LogInit: Build: ++UE5+Release-5.5-CL-40574608
LogInit: Platform=WindowsEditor
LogInit: MachineId=330195ee4f5acf062cc076b21f5051d7
LogInit: DeviceId=
LogInit: Engine Version: 5.5.4-40574608+++UE5+Release-5.5
LogInit: Compatible Engine Version: 5.5.0-37670630+++UE5+Release-5.5
LogInit: Net CL: 37670630
LogInit: OS: Windows 10 (22H2) [10.0.19045.6216] (), CPU: Intel(R) Core(TM) i5-9600K CPU @ 3.70GHz, GPU: NVIDIA GeForce GTX 1050 Ti
LogInit: Compiled (64-bit): Mar  7 2025 14:59:45
LogInit: Architecture: x64
LogInit: Compiled with Visual C++: 19.38.33130.00
LogInit: Build Configuration: Development
LogInit: Branch Name: ++UE5+Release-5.5
LogInit: Command Line: -CreateGlobalContainer="D:\Michelle\FH\5.semester\Game dev\SweetTale\SweetTale\Saved\StagedBuilds\Windows\SweetTale\Content\Paks\global.utoc" -PackageStoreManifest="D:\Michelle\FH\5.semester\Game dev\SweetTale\SweetTale\Saved\Cooked\Windows\SweetTale\Metadata\packagestore.manifest" -CookedDirectory="D:\Michelle\FH\5.semester\Game dev\SweetTale\SweetTale\Saved\Cooked\Windows" -Commands="C:\Users\miche\AppData\Roaming\Unreal Engine\AutomationTool\Logs\D+Michelle+unreal+engine+UE_5.5\IoStoreCommands.txt" -ScriptObjects="D:\Michelle\FH\5.semester\Game dev\SweetTale\SweetTale\Saved\Cooked\Windows\SweetTale\Metadata\scriptobjects.bin" -patchpaddingalign=2048 -compressionformats=Oodle -compresslevel=4 -compressmethod=Kraken -cryptokeys="D:\Michelle\FH\5.semester\Game dev\SweetTale\SweetTale\Saved\Cooked\Windows\SweetTale\Metadata\Crypto.json" -compressionMinBytesSaved=1024 -compressionMinPercentSaved=5 -WriteBackMetadataToAssetRegistry=Disabled -nopak
LogInit: Base Directory: D:/Michelle/unreal engine/UE_5.5/Engine/Binaries/Win64/
LogInit: Allocator: Mimalloc
LogInit: Installed Engine Build: 1
LogInit: This binary is optimized with LTO: no, PGO: no, instrumented for PGO data collection: no
LogDevObjectVersion: Number of dev versions registered: 35
LogDevObjectVersion:   Dev-Blueprints (B0D832E4-1F89-4F0D-ACCF-7EB736FD4AA2): 10
LogDevObjectVersion:   Dev-Build (E1C64328-A22C-4D53-A36C-8E866417BD8C): 0
LogDevObjectVersion:   Dev-Core (375EC13C-06E4-48FB-B500-84F0262A717E): 4
LogDevObjectVersion:   Dev-Editor (E4B068ED-F494-42E9-A231-DA0B2E46BB41): 40
LogDevObjectVersion:   Dev-Framework (CFFC743F-43B0-4480-9391-14DF171D2073): 37
LogDevObjectVersion:   Dev-Mobile (B02B49B5-BB20-44E9-A304-32B752E40360): 3
LogDevObjectVersion:   Dev-Networking (A4E4105C-59A1-49B5-A7C5-40C4547EDFEE): 0
LogDevObjectVersion:   Dev-Online (39C831C9-5AE6-47DC-9A44-9C173E1C8E7C): 0
LogDevObjectVersion:   Dev-Physics (78F01B33-EBEA-4F98-B9B4-84EACCB95AA2): 20
LogDevObjectVersion:   Dev-Platform (6631380F-2D4D-43E0-8009-CF276956A95A): 0
LogDevObjectVersion:   Dev-Rendering (12F88B9F-8875-4AFC-A67C-D90C383ABD29): 49
LogDevObjectVersion:   Dev-Sequencer (7B5AE74C-D270-4C10-A958-57980B212A5A): 13
LogDevObjectVersion:   Dev-VR (D7296918-1DD6-4BDD-9DE2-64A83CC13884): 3
LogDevObjectVersion:   Dev-LoadTimes (C2A15278-BFE7-4AFE-6C17-90FF531DF755): 1
LogDevObjectVersion:   Private-Geometry (6EACA3D4-40EC-4CC1-B786-8BED09428FC5): 3
LogDevObjectVersion:   Dev-AnimPhys (29E575DD-E0A3-4627-9D10-D276232CDCEA): 17
LogDevObjectVersion:   Dev-Anim (AF43A65D-7FD3-4947-9873-3E8ED9C1BB05): 15
LogDevObjectVersion:   Dev-ReflectionCapture (6B266CEC-1EC7-4B8F-A30B-E4D90942FC07): 1
LogDevObjectVersion:   Dev-Automation (0DF73D61-A23F-47EA-B727-89E90C41499A): 1
LogDevObjectVersion:   FortniteMain (601D1886-AC64-4F84-AA16-D3DE0DEAC7D6): 170
LogDevObjectVersion:   FortniteValkyrie (8DBC2C5B-54A7-43E0-A768-FCBB7DA29060): 8
LogDevObjectVersion:   FortniteSeason (5B4C06B7-2463-4AF8-805B-BF70CDF5D0DD): 13
LogDevObjectVersion:   FortniteRelease (E7086368-6B23-4C58-8439-1B7016265E91): 15
LogDevObjectVersion:   Dev-Enterprise (9DFFBCD6-494F-0158-E221-12823C92A888): 10
LogDevObjectVersion:   Dev-Niagara (F2AED0AC-9AFE-416F-8664-AA7FFA26D6FC): 1
LogDevObjectVersion:   Dev-Destruction (174F1F0B-B4C6-45A5-B13F-2EE8D0FB917D): 10
LogDevObjectVersion:   Dev-Physics-Ext (35F94A83-E258-406C-A318-09F59610247C): 41
LogDevObjectVersion:   Dev-PhysicsMaterial-Chaos (B68FC16E-8B1B-42E2-B453-215C058844FE): 1
LogDevObjectVersion:   Dev-CineCamera (B2E18506-4273-CFC2-A54E-F4BB758BBA07): 1
LogDevObjectVersion:   Dev-VirtualProduction (64F58936-FD1B-42BA-BA96-7289D5D0FA4E): 1
LogDevObjectVersion:   UE5-Main (697DD581-E64F-41AB-AA4A-51ECBEB7B628): 119
LogDevObjectVersion:   UE5-Release (D89B5E42-24BD-4D46-8412-ACA8DF641779): 51
LogDevObjectVersion:   UE5-PrivateFrosty (59DA5D52-1232-4948-B878-597870B8E98B): 8
LogDevObjectVersion:   Dev-MediaFramework (6F0ED827-A609-4895-9C91-998D90180EA4): 2
LogDevObjectVersion:   Dev-NaniteResearch (30D58BE3-95EA-4282-A6E3-B159D8EBB06A): 1
LogConfig: Branch 'PlatformCrypto' had been unloaded. Reloading on-demand took 0.22ms
LogInit: Presizing for max 100000 objects, including 0 objects not considered by GC.
LogInit: Object subsystem initialized
LogConfig: Applying CVar settings from Section [Startup] File [../../../Engine/Config/ConsoleVariables.ini]
LogConfig: CVar [[r.DumpShaderDebugInfo:2]] deferred - dummy variable created
LogConfig: CVar [[p.chaos.AllowCreatePhysxBodies:1]] deferred - dummy variable created
LogConfig: CVar [[fx.SkipVectorVMBackendOptimizations:1]] deferred - dummy variable created
LogConfig: CVar [[ds.CADTranslator.Meshing.ActivateThinZoneMeshing:0]] deferred - dummy variable created
LogConfig: CVar [[ds.CADTranslator.Stitching.RemoveThinFaces:0]] deferred - dummy variable created
LogConfig: Applying CVar settings from Section [Startup_Windows] File [../../../Engine/Config/ConsoleVariables.ini]
[2025.08.29-18.20.12:557][  0]LogConfig: Applying CVar settings from Section [ConsoleVariables] File [Engine]
[2025.08.29-18.20.12:557][  0]LogConfig: Set CVar [[memory.MemoryPressureCriticalThresholdMB:512]]
[2025.08.29-18.20.12:557][  0]LogInit: Computer: DESKTOP-84MA1NK
[2025.08.29-18.20.12:557][  0]LogInit: User: miche
[2025.08.29-18.20.12:557][  0]LogInit: CPU Page size=4096, Cores=6
[2025.08.29-18.20.12:557][  0]LogInit: High frequency timer resolution =10.000000 MHz
[2025.08.29-18.20.12:653][  0]LogMemory: Memory total: Physical=15.9GB (16GB approx) Virtual=24.9GB
[2025.08.29-18.20.12:653][  0]LogMemory: Platform Memory Stats for WindowsEditor
[2025.08.29-18.20.12:653][  0]LogMemory: Process Physical Memory: 49.78 MB used, 50.38 MB peak
[2025.08.29-18.20.12:653][  0]LogMemory: Process Virtual Memory: 94.40 MB used, 94.40 MB peak
[2025.08.29-18.20.12:653][  0]LogMemory: Physical Memory: 6490.12 MB used,  9806.73 MB free, 16296.86 MB total
[2025.08.29-18.20.12:653][  0]LogMemory: Virtual Memory: 7431.74 MB used,  18081.12 MB free, 25512.86 MB total
[2025.08.29-18.20.12:657][  0]LogAssetRegistry: FAssetRegistry took 0.0001 seconds to start up
[2025.08.29-18.20.12:658][  0]LogUObjectArray: 438 objects as part of root set at end of initial load.
[2025.08.29-18.20.12:658][  0]LogUObjectArray: CloseDisregardForGC: 0/0 objects in disregard for GC pool
[2025.08.29-18.20.12:658][  0]LogInit: Using OS detected language ().
[2025.08.29-18.20.12:658][  0]LogInit: Using OS detected locale ().
[2025.08.29-18.20.12:658][  0]LogTextLocalizationManager: No localization for '' exists, so 'en' will be used for the language.
[2025.08.29-18.20.12:659][  0]LogTextLocalizationManager: No localization for '' exists, so 'en' will be used for the locale.
[2025.08.29-18.20.12:659][  0]LogInit: Using OS detected language ().
[2025.08.29-18.20.12:659][  0]LogInit: Using OS detected locale ().
[2025.08.29-18.20.12:659][  0]LogTextLocalizationManager: No localization for '' exists, so 'en' will be used for the language.
[2025.08.29-18.20.12:659][  0]LogTextLocalizationManager: No localization for '' exists, so 'en' will be used for the locale.
[2025.08.29-18.20.12:659][  0]LogPakFile: Display: ProjectDir: ../../../../../FH/5.semester/Game dev/SweetTale/SweetTale/
[2025.08.29-18.20.12:674][  0]LogIoStore: Display: ==================== IoStore Utils ====================
[2025.08.29-18.20.12:714][  0]LogIoStore: Display: Parsing crypto keys from a crypto key cache file 'D:\Michelle\FH\5.semester\Game dev\SweetTale\SweetTale\Saved\Cooked\Windows\SweetTale\Metadata\Crypto.json'
[2025.08.29-18.20.12:863][  0]LogIoStore: Display: Container signing - DISABLED
[2025.08.29-18.20.12:863][  0]LogIoStore: Display: Directory index - ENABLED
[2025.08.29-18.20.12:863][  0]LogIoStore: Display: Using compression format 'Oodle'
[2025.08.29-18.20.12:863][  0]LogIoStore: Display: Using memory mapping alignment '16384'
[2025.08.29-18.20.12:863][  0]LogIoStore: Display: Using compression block size '65536'
[2025.08.29-18.20.12:863][  0]LogIoStore: Display: Using compression block alignment '2048'
[2025.08.29-18.20.12:863][  0]LogIoStore: Display: Using compression min bytes saved '1024'
[2025.08.29-18.20.12:863][  0]LogIoStore: Display: Using compression min percent saved '5'
[2025.08.29-18.20.12:863][  0]LogIoStore: Display: Using max partition size '0'
[2025.08.29-18.20.12:863][  0]LogIoStore: Display: Not using DDC for compression
[2025.08.29-18.20.12:863][  0]LogIoStore: Display: Using command list file: 'C:\Users\miche\AppData\Roaming\Unreal Engine\AutomationTool\Logs\D+Michelle+unreal+engine+UE_5.5\IoStoreCommands.txt'
[2025.08.29-18.20.12:865][  0]LogIoStore: Display: Selected Oodle level 4 (Normal) from command line for shaders
[2025.08.29-18.20.12:866][  0]LogIoStore: Display: Fetched 626 oplog items from Manifest in 0.00 seconds
[2025.08.29-18.20.12:880][  0]LogIoStore: Display: Parsed 626 oplog items 0.01 seconds, 818 chunks
[2025.08.29-18.20.12:896][  0]LogIoStore: Display: Using input asset registry: D:/Michelle/FH/5.semester/Game dev/SweetTale/SweetTale/Saved/Cooked/Windows/SweetTale/Metadata/DevelopmentAssetRegistry.bin
[2025.08.29-18.20.12:956][  0]LogIoStore: Display: Loaded 199 chunk hashes from AssetRegistry in 0.08 seconds, 199 hashes updated in 0.00 seconds
[2025.08.29-18.20.12:963][  0]LogIoStore: Display: Searching for cooked assets in folder 'D:\Michelle\FH\5.semester\Game dev\SweetTale\SweetTale\Saved\Cooked\Windows'
[2025.08.29-18.20.12:972][  0]LogIoStore: Display: Found '1445' files
[2025.08.29-18.20.13:051][  0]LogIoStore: Display: Creating container targets...
[2025.08.29-18.20.13:112][  0]OodleDataCompression: Display: Oodle v2.9.12 format for pak/iostore with method=Kraken, level=4=Normal
[2025.08.29-18.20.13:196][  0]LogIoStore: Display: Parsing packages...
[2025.08.29-18.20.13:196][  0]LogIoStore: Display: Reading package assets...
[2025.08.29-18.20.13:613][  0]LogIoStore: Display: Packages read 619 files in 0.42 seconds, 988,455 total bytes, 2,372,807 bytes per second
[2025.08.29-18.20.13:615][  0]LogIoStore: Display: Processing shader libraries, compressing with Oodle Mermaid, level 4 (Normal)
[2025.08.29-18.20.13:688][  0]LogShaderLibrary: Display: Created IoStoreShaderArchive header: shaders grouped in 349 groups (131 of them didn't need new indices), average uncompressed size 162869 bytes, min 249 bytes, max 1047981 bytes (r.ShaderCodeLibrary.MaxShaderGroupSize=1048576)
[2025.08.29-18.20.13:827][  0]LogIoStore: Display: Global-PCD3D_SM5(PCD3D_SM5): Recompressed 4009 shaders as 349 groups. Library size changed from 12843 KB (4.32 : 1 ratio) to 5474 KB (10.14 : 1 ratio), 42.63% of previous.
[2025.08.29-18.20.14:002][  0]LogShaderLibrary: Display: Created IoStoreShaderArchive header: shaders grouped in 386 groups (135 of them didn't need new indices), average uncompressed size 177739 bytes, min 1517 bytes, max 1012145 bytes (r.ShaderCodeLibrary.MaxShaderGroupSize=1048576)
[2025.08.29-18.20.14:531][  0]LogIoStore: Display: Global-PCD3D_SM6(PCD3D_SM6): Recompressed 4923 shaders as 386 groups. Library size changed from 50962 KB (1.31 : 1 ratio) to 28549 KB (2.35 : 1 ratio), 56.02% of previous.
[2025.08.29-18.20.14:535][  0]LogShaderLibrary: Display: Created IoStoreShaderArchive header: shaders grouped in 167 groups (67 of them didn't need new indices), average uncompressed size 83736 bytes, min 490 bytes, max 1043551 bytes (r.ShaderCodeLibrary.MaxShaderGroupSize=1048576)
[2025.08.29-18.20.14:564][  0]LogIoStore: Display: SweetTale-PCD3D_SM5(PCD3D_SM5): Recompressed 961 shaders as 167 groups. Library size changed from 3609 KB (3.78 : 1 ratio) to 1833 KB (7.45 : 1 ratio), 50.78% of previous.
[2025.08.29-18.20.14:569][  0]LogShaderLibrary: Display: Created IoStoreShaderArchive header: shaders grouped in 167 groups (65 of them didn't need new indices), average uncompressed size 78407 bytes, min 2342 bytes, max 858262 bytes (r.ShaderCodeLibrary.MaxShaderGroupSize=1048576)
[2025.08.29-18.20.14:633][  0]LogIoStore: Display: SweetTale-PCD3D_SM6(PCD3D_SM6): Recompressed 1080 shaders as 167 groups. Library size changed from 9707 KB (1.32 : 1 ratio) to 6331 KB (2.02 : 1 ratio), 65.22% of previous.
[2025.08.29-18.20.14:634][  0]LogIoStore: Display: Shaders processed in 1.02 seconds
[2025.08.29-18.20.14:656][  0]LogIoStore: Display: Initialized WriteRequestManager with MaxConcurrentSourceReads=4 (6 cores), MaxSourceBufferMemory=3072MiB
[2025.08.29-18.20.14:660][  0]LogIoStore: Display: Processing redirects...
[2025.08.29-18.20.14:660][  0]LogIoStore: Display: Creating disk layout...
[2025.08.29-18.20.14:660][  0]LogIoStore: Display: Ordered 619 packages using fallback bundle order
[2025.08.29-18.20.14:667][  0]LogIoStore: Display: Serializing container(s)...
